<?xml version="1.0" encoding="UTF-8"?>
<!-- Generated by org.testng.reporters.JUnitReportReporter -->
<testsuite hostname="Sayali-Air" failures="0" tests="1" name="runner.Runner" time="10.533" errors="0" timestamp="2025-04-06T13:26:40 IST" skipped="0">
  <testcase classname="runner.Runner" name="runScenario" time="10.533"/>
</testsuite> <!-- runner.Runner -->
