<?xml version="1.0" encoding="UTF-8"?>
<!-- Generated by org.testng.reporters.JUnitReportReporter -->
<testsuite hostname="Sayali-MacBook-Air.local" failures="0" tests="1" name="fcpack.LoginTest" time="13.777" errors="0" timestamp="2025-08-14T13:01:32 IST" skipped="0">
  <testcase classname="fcpack.LoginTest" name="login" time="13.777"/>
</testsuite> <!-- fcpack.LoginTest -->
